[debug] [2019-02-06T08:26:06.799Z] ----------------------------------------------------------------------
[debug] [2019-02-06T08:26:06.801Z] Command:       C:\Program Files\nodejs\node.exe C:\Users\bende\AppData\Roaming\npm\node_modules\firebase-tools\lib\bin\firebase.js init
[debug] [2019-02-06T08:26:06.801Z] CLI Version:   6.3.1
[debug] [2019-02-06T08:26:06.801Z] Platform:      win32
[debug] [2019-02-06T08:26:06.801Z] Node Version:  v10.15.0
[debug] [2019-02-06T08:26:06.802Z] Time:          Wed Feb 06 2019 09:26:06 GMT+0100 (GMT+01:00)
[debug] [2019-02-06T08:26:06.802Z] ----------------------------------------------------------------------
[debug] 
[debug] [2019-02-06T08:26:06.807Z] > command requires scopes: ["email","openid","https://www.googleapis.com/auth/cloudplatformprojects.readonly","https://www.googleapis.com/auth/firebase","https://www.googleapis.com/auth/cloud-platform"]
[debug] [2019-02-06T08:26:06.807Z] > authorizing via signed-in user
[info] 
     ######## #### ########  ######## ########     ###     ######  ########
     ##        ##  ##     ## ##       ##     ##  ##   ##  ##       ##
     ######    ##  ########  ######   ########  #########  ######  ######
     ##        ##  ##    ##  ##       ##     ## ##     ##       ## ##
     ##       #### ##     ## ######## ########  ##     ##  ######  ########

You're about to initialize a Firebase project in this directory:

  C:\lambda\ArtPortfolio

Before we get started, keep in mind:

  * You are currently outside your home directory

